  [4;36;1mSQL (0.2ms)[0m   [0;1m SELECT name
 FROM sqlite_master
 WHERE type = 'table' AND NOT name = 'sqlite_sequence'
[0m
  [4;35;1mSQL (0.1ms)[0m   [0mselect sqlite_version(*)[0m
  [4;36;1mSQL (34.5ms)[0m   [0;1mCREATE TABLE "schema_migrations" ("version" varchar(255) NOT NULL) [0m
  [4;35;1mSQL (3.6ms)[0m   [0mCREATE UNIQUE INDEX "unique_schema_migrations" ON "schema_migrations" ("version")[0m
  [4;36;1mSQL (0.3ms)[0m   [0;1m SELECT name
 FROM sqlite_master
 WHERE type = 'table' AND NOT name = 'sqlite_sequence'
[0m
  [4;35;1mSQL (0.1ms)[0m   [0mSELECT version FROM schema_migrations[0m
Migrating to CreatePictures (20091230043017)
  [4;36;1mSQL (0.4ms)[0m   [0;1mCREATE TABLE "pictures" ("id" INTEGER PRIMARY KEY AUTOINCREMENT NOT NULL, "headline" varchar(255), "path_to_picture" varchar(255), "user_id" integer, "created_at" datetime, "updated_at" datetime) [0m
  [4;35;1mSQL (0.1ms)[0m   [0mINSERT INTO schema_migrations (version) VALUES ('20091230043017')[0m
Migrating to CreateUsers (20091230043149)
  [4;36;1mSQL (0.4ms)[0m   [0;1mCREATE TABLE "users" ("id" INTEGER PRIMARY KEY AUTOINCREMENT NOT NULL, "name" varchar(255), "email" varchar(255), "created_at" datetime, "updated_at" datetime) [0m
  [4;35;1mSQL (0.1ms)[0m   [0mINSERT INTO schema_migrations (version) VALUES ('20091230043149')[0m
Migrating to CreateSessions (20091230043245)
  [4;36;1mSQL (0.4ms)[0m   [0;1mCREATE TABLE "sessions" ("id" INTEGER PRIMARY KEY AUTOINCREMENT NOT NULL, "session_id" varchar(255) NOT NULL, "data" text, "created_at" datetime, "updated_at" datetime) [0m
  [4;35;1mSQL (0.1ms)[0m   [0mCREATE INDEX "index_sessions_on_session_id" ON "sessions" ("session_id")[0m
  [4;36;1mSQL (0.1ms)[0m   [0;1mCREATE INDEX "index_sessions_on_updated_at" ON "sessions" ("updated_at")[0m
  [4;35;1mSQL (0.1ms)[0m   [0mINSERT INTO schema_migrations (version) VALUES ('20091230043245')[0m
Migrating to CreateCaptions (20091230043342)
  [4;36;1mSQL (0.4ms)[0m   [0;1mCREATE TABLE "captions" ("id" INTEGER PRIMARY KEY AUTOINCREMENT NOT NULL, "headline" varchar(255), "user_id" integer, "picture_id" integer, "created_at" datetime, "updated_at" datetime) [0m
  [4;35;1mSQL (0.1ms)[0m   [0mINSERT INTO schema_migrations (version) VALUES ('20091230043342')[0m
Migrating to CreateVotes (20091230043549)
  [4;36;1mSQL (0.5ms)[0m   [0;1mCREATE TABLE "votes" ("id" INTEGER PRIMARY KEY AUTOINCREMENT NOT NULL, "is_up" varchar(255), "user_id" integer, "caption_id" integer, "created_at" datetime, "updated_at" datetime) [0m
  [4;35;1mSQL (0.1ms)[0m   [0mINSERT INTO schema_migrations (version) VALUES ('20091230043549')[0m
  [4;36;1mSQL (0.3ms)[0m   [0;1m SELECT name
 FROM sqlite_master
 WHERE type = 'table' AND NOT name = 'sqlite_sequence'
[0m
  [4;35;1mSQL (0.2ms)[0m   [0mSELECT version FROM schema_migrations[0m
  [4;36;1mSQL (0.2ms)[0m   [0;1m SELECT name
 FROM sqlite_master
 WHERE type = 'table' AND NOT name = 'sqlite_sequence'
[0m
  [4;35;1mSQL (0.0ms)[0m   [0mPRAGMA index_list("captions")[0m
  [4;36;1mSQL (0.0ms)[0m   [0;1mPRAGMA index_list("pictures")[0m
  [4;35;1mSQL (0.1ms)[0m   [0mPRAGMA index_list("sessions")[0m
  [4;36;1mSQL (0.1ms)[0m   [0;1mPRAGMA index_info('index_sessions_on_updated_at')[0m
  [4;35;1mSQL (0.1ms)[0m   [0mPRAGMA index_info('index_sessions_on_session_id')[0m
  [4;36;1mSQL (0.0ms)[0m   [0;1mPRAGMA index_list("users")[0m
  [4;35;1mSQL (0.0ms)[0m   [0mPRAGMA index_list("votes")[0m
